Flutter crash report.
Please report a bug at https://github.com/flutter/flutter/issues.

## command

flutter run --machine --start-paused -d chrome --dart-define=flutter.inspector.structuredErrors=true --web-allow-expose-url --devtools-server-address http://127.0.0.1:9100/ --target lib\main.dart

## exception

StateError: Bad state: No context with the running Dart application.

```
#0      RemoteDebuggerExecutionContext.id (package:dwds/src/debugging/execution_context.dart:55:7)
<asynchronous suspension>
#1      AppInspector._getExtensionRpcs (package:dwds/src/debugging/inspector.dart:538:20)
<asynchronous suspension>
#2      AppInspector._initialize (package:dwds/src/debugging/inspector.dart:97:34)
<asynchronous suspension>
#3      AppInspector.initialize (package:dwds/src/debugging/inspector.dart:160:5)
<asynchronous suspension>
#4      ChromeProxyService.createIsolate (package:dwds/src/services/chrome_proxy_service.dart:216:18)
<asynchronous suspension>
```

## flutter doctor

```
[✓] Flutter (Channel stable, 2.10.0, on Microsoft Windows [Version 10.0.22000.434], locale en-GB)
    • Flutter version 2.10.0 at C:\src\flutter
    • Upstream repository https://github.com/flutter/flutter.git
    • Framework revision 5f105a6ca7 (6 weeks ago), 2022-02-01 14:15:42 -0800
    • Engine revision 776efd2034
    • Dart version 2.16.0
    • DevTools version 2.9.2

[!] Android toolchain - develop for Android devices (Android SDK version 32.0.0)
    • Android SDK at C:\Users\ranje\AppData\Local\Android\sdk
    ✗ cmdline-tools component is missing
      Run `path/to/sdkmanager --install "cmdline-tools;latest"`
      See https://developer.android.com/studio/command-line for more details.
    ✗ Android license status unknown.
      Run `flutter doctor --android-licenses` to accept the SDK licenses.
      See https://flutter.dev/docs/get-started/install/windows#android-setup for more details.

[✓] Chrome - develop for the web
    • Chrome at C:\Program Files\Google\Chrome\Application\chrome.exe

[✓] Visual Studio - develop for Windows (Visual Studio Professional 2019 16.0.0)
    • Visual Studio at C:\Program Files (x86)\Microsoft Visual Studio\2019\Professional
    • Visual Studio Professional 2019 version 16.0.28729.10
    • Windows 10 SDK version 10.0.17763.0

[✓] Android Studio (version 2020.3)
    • Android Studio at C:\Program Files\Android\Android Studio
    • Flutter plugin can be installed from:
      🔨 https://plugins.jetbrains.com/plugin/9212-flutter
    • Dart plugin can be installed from:
      🔨 https://plugins.jetbrains.com/plugin/6351-dart
    • Java version OpenJDK Runtime Environment (build 11.0.10+0-b96-7249189)

[✓] VS Code (version 1.64.0)
    • VS Code at C:\Users\ranje\AppData\Local\Programs\Microsoft VS Code
    • Flutter extension version 3.34.0

[✓] Connected device (2 available)
    • Chrome (web) • chrome • web-javascript • Google Chrome 99.0.4844.51
    • Edge (web)   • edge   • web-javascript • Microsoft Edge 99.0.1150.39

[✓] HTTP Host Availability
    • All required HTTP hosts are available

! Doctor found issues in 1 category.
```
